<?xml version="1.0" encoding="UTF-8"?>
<!-- Generated by org.testng.reporters.JUnitXMLReporter -->
<testsuite hostname="Sanjay-THINK" ignored="0" name="Default test" tests="4" failures="0" timestamp="20 Apr 2018 14:19:24 GMT" time="66.908" errors="0">
  <testcase name="verifyApplicationTitle" time="9.153" classname="helloWorld.POMtest"/>
  <testcase name="verifyMeetingTitle" time="14.441" classname="helloWorld.POMtest"/>
  <testcase name="verifySearchResult" time="20.786" classname="helloWorld.POMtest"/>
  <testcase name="verifyText" time="22.498" classname="helloWorld.POMtest"/>
</testsuite> <!-- Default test -->
