<?xml version="1.0" encoding="UTF-8"?>
<testng-results skipped="0" failed="0" ignored="0" total="4" passed="4">
  <reporter-output>
  </reporter-output>
  <suite name="Default suite" duration-ms="66908" started-at="2018-04-20T14:18:17Z" finished-at="2018-04-20T14:19:24Z">
    <groups>
    </groups>
    <test name="Default test" duration-ms="66908" started-at="2018-04-20T14:18:17Z" finished-at="2018-04-20T14:19:24Z">
      <class name="helloWorld.POMtest">
        <test-method status="PASS" signature="verifyApplicationTitle()[pri:0, instance:helloWorld.POMtest@26be92ad]" name="verifyApplicationTitle" duration-ms="9153" started-at="2018-04-20T14:18:17Z" finished-at="2018-04-20T14:18:26Z">
          <reporter-output>
          </reporter-output>
        </test-method> <!-- verifyApplicationTitle -->
        <test-method status="PASS" signature="verifyMeetingTitle()[pri:0, instance:helloWorld.POMtest@26be92ad]" name="verifyMeetingTitle" duration-ms="14441" started-at="2018-04-20T14:18:26Z" finished-at="2018-04-20T14:18:40Z">
          <reporter-output>
          </reporter-output>
        </test-method> <!-- verifyMeetingTitle -->
        <test-method status="PASS" signature="verifySearchResult()[pri:0, instance:helloWorld.POMtest@26be92ad]" name="verifySearchResult" duration-ms="20786" started-at="2018-04-20T14:18:40Z" finished-at="2018-04-20T14:19:01Z">
          <reporter-output>
          </reporter-output>
        </test-method> <!-- verifySearchResult -->
        <test-method status="PASS" signature="verifyText()[pri:0, instance:helloWorld.POMtest@26be92ad]" name="verifyText" duration-ms="22498" started-at="2018-04-20T14:19:01Z" finished-at="2018-04-20T14:19:24Z">
          <reporter-output>
          </reporter-output>
        </test-method> <!-- verifyText -->
      </class> <!-- helloWorld.POMtest -->
    </test> <!-- Default test -->
  </suite> <!-- Default suite -->
</testng-results>
